{"C:\\Users\\MICRO\\Downloads\\1Programation\\1Projects\\MyRocketBack\\src\\services\\user\\submit-user-service.ts": {"path":"C:\\Users\\MICRO\\Downloads\\1Programation\\1Projects\\MyRocketBack\\src\\services\\user\\submit-user-service.ts","all":false,"statementMap":{"0":{"start":{"line":1,"column":0},"end":{"line":1,"column":68}},"1":{"start":{"line":2,"column":0},"end":{"line":2,"column":48}},"2":{"start":{"line":3,"column":0},"end":{"line":3,"column":36}},"3":{"start":{"line":4,"column":0},"end":{"line":4,"column":16}},"4":{"start":{"line":5,"column":0},"end":{"line":5,"column":20}},"5":{"start":{"line":6,"column":0},"end":{"line":6,"column":17}},"6":{"start":{"line":7,"column":0},"end":{"line":7,"column":21}},"7":{"start":{"line":8,"column":0},"end":{"line":8,"column":16}},"8":{"start":{"line":9,"column":0},"end":{"line":9,"column":20}},"9":{"start":{"line":10,"column":0},"end":{"line":10,"column":21}},"10":{"start":{"line":11,"column":0},"end":{"line":11,"column":23}},"11":{"start":{"line":12,"column":0},"end":{"line":12,"column":23}},"12":{"start":{"line":13,"column":0},"end":{"line":13,"column":21}},"13":{"start":{"line":14,"column":0},"end":{"line":14,"column":18}},"14":{"start":{"line":15,"column":0},"end":{"line":15,"column":20}},"15":{"start":{"line":16,"column":0},"end":{"line":16,"column":22}},"16":{"start":{"line":17,"column":0},"end":{"line":17,"column":18}},"17":{"start":{"line":18,"column":0},"end":{"line":18,"column":15}},"18":{"start":{"line":19,"column":0},"end":{"line":19,"column":1}},"19":{"start":{"line":20,"column":0},"end":{"line":20,"column":0}},"20":{"start":{"line":21,"column":0},"end":{"line":21,"column":32}},"21":{"start":{"line":22,"column":0},"end":{"line":22,"column":16}},"22":{"start":{"line":23,"column":0},"end":{"line":23,"column":38}},"23":{"start":{"line":24,"column":0},"end":{"line":24,"column":9}},"24":{"start":{"line":25,"column":0},"end":{"line":25,"column":0}},"25":{"start":{"line":26,"column":0},"end":{"line":26,"column":60}},"26":{"start":{"line":27,"column":0},"end":{"line":27,"column":15}},"27":{"start":{"line":28,"column":0},"end":{"line":28,"column":17}},"28":{"start":{"line":29,"column":0},"end":{"line":29,"column":19}},"29":{"start":{"line":30,"column":0},"end":{"line":30,"column":21}},"30":{"start":{"line":31,"column":0},"end":{"line":31,"column":24}},"31":{"start":{"line":32,"column":0},"end":{"line":32,"column":18}},"32":{"start":{"line":33,"column":0},"end":{"line":33,"column":16}},"33":{"start":{"line":34,"column":0},"end":{"line":34,"column":19}},"34":{"start":{"line":35,"column":0},"end":{"line":35,"column":17}},"35":{"start":{"line":36,"column":0},"end":{"line":36,"column":21}},"36":{"start":{"line":37,"column":0},"end":{"line":37,"column":22}},"37":{"start":{"line":38,"column":0},"end":{"line":38,"column":23}},"38":{"start":{"line":39,"column":0},"end":{"line":39,"column":21}},"39":{"start":{"line":40,"column":0},"end":{"line":40,"column":22}},"40":{"start":{"line":41,"column":0},"end":{"line":41,"column":21}},"41":{"start":{"line":42,"column":0},"end":{"line":42,"column":19}},"42":{"start":{"line":43,"column":0},"end":{"line":43,"column":19}},"43":{"start":{"line":44,"column":0},"end":{"line":44,"column":0}},"44":{"start":{"line":45,"column":0},"end":{"line":45,"column":20}},"45":{"start":{"line":46,"column":0},"end":{"line":46,"column":48}},"46":{"start":{"line":47,"column":0},"end":{"line":47,"column":9}},"47":{"start":{"line":48,"column":0},"end":{"line":48,"column":0}},"48":{"start":{"line":49,"column":0},"end":{"line":49,"column":20}},"49":{"start":{"line":50,"column":0},"end":{"line":50,"column":48}},"50":{"start":{"line":51,"column":0},"end":{"line":51,"column":9}},"51":{"start":{"line":52,"column":0},"end":{"line":52,"column":0}},"52":{"start":{"line":53,"column":0},"end":{"line":53,"column":24}},"53":{"start":{"line":54,"column":0},"end":{"line":54,"column":50}},"54":{"start":{"line":55,"column":0},"end":{"line":55,"column":9}},"55":{"start":{"line":56,"column":0},"end":{"line":56,"column":0}},"56":{"start":{"line":57,"column":0},"end":{"line":57,"column":27}},"57":{"start":{"line":58,"column":0},"end":{"line":58,"column":55}},"58":{"start":{"line":59,"column":0},"end":{"line":59,"column":9}},"59":{"start":{"line":60,"column":0},"end":{"line":60,"column":0}},"60":{"start":{"line":61,"column":0},"end":{"line":61,"column":21}},"61":{"start":{"line":62,"column":0},"end":{"line":62,"column":49}},"62":{"start":{"line":63,"column":0},"end":{"line":63,"column":9}},"63":{"start":{"line":64,"column":0},"end":{"line":64,"column":0}},"64":{"start":{"line":65,"column":0},"end":{"line":65,"column":22}},"65":{"start":{"line":66,"column":0},"end":{"line":66,"column":50}},"66":{"start":{"line":67,"column":0},"end":{"line":67,"column":9}},"67":{"start":{"line":68,"column":0},"end":{"line":68,"column":0}},"68":{"start":{"line":69,"column":0},"end":{"line":69,"column":24}},"69":{"start":{"line":70,"column":0},"end":{"line":70,"column":52}},"70":{"start":{"line":71,"column":0},"end":{"line":71,"column":9}},"71":{"start":{"line":72,"column":0},"end":{"line":72,"column":0}},"72":{"start":{"line":73,"column":0},"end":{"line":73,"column":25}},"73":{"start":{"line":74,"column":0},"end":{"line":74,"column":53}},"74":{"start":{"line":75,"column":0},"end":{"line":75,"column":9}},"75":{"start":{"line":76,"column":0},"end":{"line":76,"column":0}},"76":{"start":{"line":77,"column":0},"end":{"line":77,"column":43}},"77":{"start":{"line":78,"column":0},"end":{"line":78,"column":17}},"78":{"start":{"line":79,"column":0},"end":{"line":79,"column":19}},"79":{"start":{"line":80,"column":0},"end":{"line":80,"column":21}},"80":{"start":{"line":81,"column":0},"end":{"line":81,"column":24}},"81":{"start":{"line":82,"column":0},"end":{"line":82,"column":18}},"82":{"start":{"line":83,"column":0},"end":{"line":83,"column":16}},"83":{"start":{"line":84,"column":0},"end":{"line":84,"column":19}},"84":{"start":{"line":85,"column":0},"end":{"line":85,"column":17}},"85":{"start":{"line":86,"column":0},"end":{"line":86,"column":21}},"86":{"start":{"line":87,"column":0},"end":{"line":87,"column":22}},"87":{"start":{"line":88,"column":0},"end":{"line":88,"column":23}},"88":{"start":{"line":89,"column":0},"end":{"line":89,"column":21}},"89":{"start":{"line":90,"column":0},"end":{"line":90,"column":22}},"90":{"start":{"line":91,"column":0},"end":{"line":91,"column":21}},"91":{"start":{"line":92,"column":0},"end":{"line":92,"column":19}},"92":{"start":{"line":93,"column":0},"end":{"line":93,"column":10}},"93":{"start":{"line":94,"column":0},"end":{"line":94,"column":5}},"94":{"start":{"line":95,"column":0},"end":{"line":95,"column":0}},"95":{"start":{"line":96,"column":0},"end":{"line":96,"column":36}},"96":{"start":{"line":97,"column":0},"end":{"line":97,"column":18}},"97":{"start":{"line":98,"column":0},"end":{"line":98,"column":49}},"98":{"start":{"line":99,"column":0},"end":{"line":99,"column":9}},"99":{"start":{"line":100,"column":0},"end":{"line":100,"column":0}},"100":{"start":{"line":101,"column":0},"end":{"line":101,"column":57}},"101":{"start":{"line":102,"column":0},"end":{"line":102,"column":0}},"102":{"start":{"line":103,"column":0},"end":{"line":103,"column":19}},"103":{"start":{"line":104,"column":0},"end":{"line":104,"column":5}},"104":{"start":{"line":105,"column":0},"end":{"line":105,"column":0}},"105":{"start":{"line":106,"column":0},"end":{"line":106,"column":72}},"106":{"start":{"line":107,"column":0},"end":{"line":107,"column":15}},"107":{"start":{"line":108,"column":0},"end":{"line":108,"column":17}},"108":{"start":{"line":109,"column":0},"end":{"line":109,"column":19}},"109":{"start":{"line":110,"column":0},"end":{"line":110,"column":21}},"110":{"start":{"line":111,"column":0},"end":{"line":111,"column":24}},"111":{"start":{"line":112,"column":0},"end":{"line":112,"column":18}},"112":{"start":{"line":113,"column":0},"end":{"line":113,"column":16}},"113":{"start":{"line":114,"column":0},"end":{"line":114,"column":19}},"114":{"start":{"line":115,"column":0},"end":{"line":115,"column":17}},"115":{"start":{"line":116,"column":0},"end":{"line":116,"column":21}},"116":{"start":{"line":117,"column":0},"end":{"line":117,"column":22}},"117":{"start":{"line":118,"column":0},"end":{"line":118,"column":23}},"118":{"start":{"line":119,"column":0},"end":{"line":119,"column":21}},"119":{"start":{"line":120,"column":0},"end":{"line":120,"column":22}},"120":{"start":{"line":121,"column":0},"end":{"line":121,"column":21}},"121":{"start":{"line":122,"column":0},"end":{"line":122,"column":19}},"122":{"start":{"line":123,"column":0},"end":{"line":123,"column":19}},"123":{"start":{"line":124,"column":0},"end":{"line":124,"column":0}},"124":{"start":{"line":125,"column":0},"end":{"line":125,"column":20}},"125":{"start":{"line":126,"column":0},"end":{"line":126,"column":48}},"126":{"start":{"line":127,"column":0},"end":{"line":127,"column":9}},"127":{"start":{"line":128,"column":0},"end":{"line":128,"column":0}},"128":{"start":{"line":129,"column":0},"end":{"line":129,"column":20}},"129":{"start":{"line":130,"column":0},"end":{"line":130,"column":48}},"130":{"start":{"line":131,"column":0},"end":{"line":131,"column":9}},"131":{"start":{"line":132,"column":0},"end":{"line":132,"column":0}},"132":{"start":{"line":133,"column":0},"end":{"line":133,"column":24}},"133":{"start":{"line":134,"column":0},"end":{"line":134,"column":50}},"134":{"start":{"line":135,"column":0},"end":{"line":135,"column":9}},"135":{"start":{"line":136,"column":0},"end":{"line":136,"column":0}},"136":{"start":{"line":137,"column":0},"end":{"line":137,"column":27}},"137":{"start":{"line":138,"column":0},"end":{"line":138,"column":55}},"138":{"start":{"line":139,"column":0},"end":{"line":139,"column":9}},"139":{"start":{"line":140,"column":0},"end":{"line":140,"column":0}},"140":{"start":{"line":141,"column":0},"end":{"line":141,"column":21}},"141":{"start":{"line":142,"column":0},"end":{"line":142,"column":49}},"142":{"start":{"line":143,"column":0},"end":{"line":143,"column":9}},"143":{"start":{"line":144,"column":0},"end":{"line":144,"column":0}},"144":{"start":{"line":145,"column":0},"end":{"line":145,"column":22}},"145":{"start":{"line":146,"column":0},"end":{"line":146,"column":50}},"146":{"start":{"line":147,"column":0},"end":{"line":147,"column":9}},"147":{"start":{"line":148,"column":0},"end":{"line":148,"column":0}},"148":{"start":{"line":149,"column":0},"end":{"line":149,"column":24}},"149":{"start":{"line":150,"column":0},"end":{"line":150,"column":52}},"150":{"start":{"line":151,"column":0},"end":{"line":151,"column":9}},"151":{"start":{"line":152,"column":0},"end":{"line":152,"column":0}},"152":{"start":{"line":153,"column":0},"end":{"line":153,"column":25}},"153":{"start":{"line":154,"column":0},"end":{"line":154,"column":53}},"154":{"start":{"line":155,"column":0},"end":{"line":155,"column":9}},"155":{"start":{"line":156,"column":0},"end":{"line":156,"column":0}},"156":{"start":{"line":157,"column":0},"end":{"line":157,"column":42}},"157":{"start":{"line":158,"column":0},"end":{"line":158,"column":15}},"158":{"start":{"line":159,"column":0},"end":{"line":159,"column":13}},"159":{"start":{"line":160,"column":0},"end":{"line":160,"column":21}},"160":{"start":{"line":161,"column":0},"end":{"line":161,"column":23}},"161":{"start":{"line":162,"column":0},"end":{"line":162,"column":25}},"162":{"start":{"line":163,"column":0},"end":{"line":163,"column":28}},"163":{"start":{"line":164,"column":0},"end":{"line":164,"column":22}},"164":{"start":{"line":165,"column":0},"end":{"line":165,"column":20}},"165":{"start":{"line":166,"column":0},"end":{"line":166,"column":23}},"166":{"start":{"line":167,"column":0},"end":{"line":167,"column":21}},"167":{"start":{"line":168,"column":0},"end":{"line":168,"column":25}},"168":{"start":{"line":169,"column":0},"end":{"line":169,"column":26}},"169":{"start":{"line":170,"column":0},"end":{"line":170,"column":27}},"170":{"start":{"line":171,"column":0},"end":{"line":171,"column":25}},"171":{"start":{"line":172,"column":0},"end":{"line":172,"column":26}},"172":{"start":{"line":173,"column":0},"end":{"line":173,"column":25}},"173":{"start":{"line":174,"column":0},"end":{"line":174,"column":23}},"174":{"start":{"line":175,"column":0},"end":{"line":175,"column":14}},"175":{"start":{"line":176,"column":0},"end":{"line":176,"column":5}},"176":{"start":{"line":177,"column":0},"end":{"line":177,"column":1}}},"s":{"0":1,"1":1,"2":1,"3":1,"4":1,"5":1,"6":1,"7":1,"8":1,"9":1,"10":1,"11":1,"12":1,"13":1,"14":1,"15":1,"16":1,"17":1,"18":1,"19":1,"20":1,"21":1,"22":1,"23":1,"24":1,"25":1,"26":9,"27":9,"28":9,"29":9,"30":9,"31":9,"32":9,"33":9,"34":9,"35":9,"36":9,"37":9,"38":9,"39":9,"40":9,"41":9,"42":9,"43":9,"44":9,"45":1,"46":1,"47":8,"48":9,"49":1,"50":1,"51":7,"52":9,"53":1,"54":1,"55":6,"56":9,"57":1,"58":1,"59":5,"60":9,"61":1,"62":1,"63":4,"64":9,"65":1,"66":1,"67":3,"68":9,"69":1,"70":1,"71":2,"72":9,"73":1,"74":1,"75":1,"76":1,"77":1,"78":1,"79":1,"80":1,"81":1,"82":1,"83":1,"84":1,"85":1,"86":1,"87":1,"88":1,"89":1,"90":1,"91":1,"92":1,"93":1,"94":1,"95":1,"96":2,"97":1,"98":1,"99":1,"100":1,"101":1,"102":1,"103":1,"104":1,"105":1,"106":9,"107":9,"108":9,"109":9,"110":9,"111":9,"112":9,"113":9,"114":9,"115":9,"116":9,"117":9,"118":9,"119":9,"120":9,"121":9,"122":9,"123":9,"124":9,"125":1,"126":1,"127":8,"128":9,"129":1,"130":1,"131":7,"132":9,"133":1,"134":1,"135":6,"136":9,"137":1,"138":1,"139":5,"140":9,"141":1,"142":1,"143":4,"144":9,"145":1,"146":1,"147":3,"148":9,"149":1,"150":1,"151":2,"152":9,"153":1,"154":1,"155":1,"156":1,"157":1,"158":1,"159":1,"160":1,"161":1,"162":1,"163":1,"164":1,"165":1,"166":1,"167":1,"168":1,"169":1,"170":1,"171":1,"172":1,"173":1,"174":1,"175":1,"176":1},"branchMap":{"0":{"type":"branch","line":26,"loc":{"start":{"line":26,"column":4},"end":{"line":94,"column":5}},"locations":[{"start":{"line":26,"column":4},"end":{"line":94,"column":5}}]},"1":{"type":"branch","line":45,"loc":{"start":{"line":45,"column":19},"end":{"line":47,"column":9}},"locations":[{"start":{"line":45,"column":19},"end":{"line":47,"column":9}}]},"2":{"type":"branch","line":48,"loc":{"start":{"line":48,"column":-2},"end":{"line":49,"column":19}},"locations":[{"start":{"line":48,"column":-2},"end":{"line":49,"column":19}}]},"3":{"type":"branch","line":49,"loc":{"start":{"line":49,"column":19},"end":{"line":51,"column":9}},"locations":[{"start":{"line":49,"column":19},"end":{"line":51,"column":9}}]},"4":{"type":"branch","line":52,"loc":{"start":{"line":52,"column":-2},"end":{"line":53,"column":23}},"locations":[{"start":{"line":52,"column":-2},"end":{"line":53,"column":23}}]},"5":{"type":"branch","line":53,"loc":{"start":{"line":53,"column":23},"end":{"line":55,"column":9}},"locations":[{"start":{"line":53,"column":23},"end":{"line":55,"column":9}}]},"6":{"type":"branch","line":56,"loc":{"start":{"line":56,"column":-2},"end":{"line":57,"column":26}},"locations":[{"start":{"line":56,"column":-2},"end":{"line":57,"column":26}}]},"7":{"type":"branch","line":57,"loc":{"start":{"line":57,"column":26},"end":{"line":59,"column":9}},"locations":[{"start":{"line":57,"column":26},"end":{"line":59,"column":9}}]},"8":{"type":"branch","line":60,"loc":{"start":{"line":60,"column":-2},"end":{"line":61,"column":20}},"locations":[{"start":{"line":60,"column":-2},"end":{"line":61,"column":20}}]},"9":{"type":"branch","line":61,"loc":{"start":{"line":61,"column":20},"end":{"line":63,"column":9}},"locations":[{"start":{"line":61,"column":20},"end":{"line":63,"column":9}}]},"10":{"type":"branch","line":64,"loc":{"start":{"line":64,"column":-2},"end":{"line":65,"column":21}},"locations":[{"start":{"line":64,"column":-2},"end":{"line":65,"column":21}}]},"11":{"type":"branch","line":65,"loc":{"start":{"line":65,"column":21},"end":{"line":67,"column":9}},"locations":[{"start":{"line":65,"column":21},"end":{"line":67,"column":9}}]},"12":{"type":"branch","line":68,"loc":{"start":{"line":68,"column":-2},"end":{"line":69,"column":23}},"locations":[{"start":{"line":68,"column":-2},"end":{"line":69,"column":23}}]},"13":{"type":"branch","line":69,"loc":{"start":{"line":69,"column":23},"end":{"line":71,"column":9}},"locations":[{"start":{"line":69,"column":23},"end":{"line":71,"column":9}}]},"14":{"type":"branch","line":72,"loc":{"start":{"line":72,"column":-2},"end":{"line":73,"column":24}},"locations":[{"start":{"line":72,"column":-2},"end":{"line":73,"column":24}}]},"15":{"type":"branch","line":73,"loc":{"start":{"line":73,"column":24},"end":{"line":94,"column":5}},"locations":[{"start":{"line":73,"column":24},"end":{"line":94,"column":5}}]},"16":{"type":"branch","line":96,"loc":{"start":{"line":96,"column":4},"end":{"line":104,"column":5}},"locations":[{"start":{"line":96,"column":4},"end":{"line":104,"column":5}}]},"17":{"type":"branch","line":97,"loc":{"start":{"line":97,"column":17},"end":{"line":104,"column":5}},"locations":[{"start":{"line":97,"column":17},"end":{"line":104,"column":5}}]},"18":{"type":"branch","line":106,"loc":{"start":{"line":106,"column":4},"end":{"line":176,"column":5}},"locations":[{"start":{"line":106,"column":4},"end":{"line":176,"column":5}}]},"19":{"type":"branch","line":125,"loc":{"start":{"line":125,"column":19},"end":{"line":127,"column":9}},"locations":[{"start":{"line":125,"column":19},"end":{"line":127,"column":9}}]},"20":{"type":"branch","line":128,"loc":{"start":{"line":128,"column":-2},"end":{"line":129,"column":19}},"locations":[{"start":{"line":128,"column":-2},"end":{"line":129,"column":19}}]},"21":{"type":"branch","line":129,"loc":{"start":{"line":129,"column":19},"end":{"line":131,"column":9}},"locations":[{"start":{"line":129,"column":19},"end":{"line":131,"column":9}}]},"22":{"type":"branch","line":132,"loc":{"start":{"line":132,"column":-2},"end":{"line":133,"column":23}},"locations":[{"start":{"line":132,"column":-2},"end":{"line":133,"column":23}}]},"23":{"type":"branch","line":133,"loc":{"start":{"line":133,"column":23},"end":{"line":135,"column":9}},"locations":[{"start":{"line":133,"column":23},"end":{"line":135,"column":9}}]},"24":{"type":"branch","line":136,"loc":{"start":{"line":136,"column":-2},"end":{"line":137,"column":26}},"locations":[{"start":{"line":136,"column":-2},"end":{"line":137,"column":26}}]},"25":{"type":"branch","line":137,"loc":{"start":{"line":137,"column":26},"end":{"line":139,"column":9}},"locations":[{"start":{"line":137,"column":26},"end":{"line":139,"column":9}}]},"26":{"type":"branch","line":140,"loc":{"start":{"line":140,"column":-2},"end":{"line":141,"column":20}},"locations":[{"start":{"line":140,"column":-2},"end":{"line":141,"column":20}}]},"27":{"type":"branch","line":141,"loc":{"start":{"line":141,"column":20},"end":{"line":143,"column":9}},"locations":[{"start":{"line":141,"column":20},"end":{"line":143,"column":9}}]},"28":{"type":"branch","line":144,"loc":{"start":{"line":144,"column":-2},"end":{"line":145,"column":21}},"locations":[{"start":{"line":144,"column":-2},"end":{"line":145,"column":21}}]},"29":{"type":"branch","line":145,"loc":{"start":{"line":145,"column":21},"end":{"line":147,"column":9}},"locations":[{"start":{"line":145,"column":21},"end":{"line":147,"column":9}}]},"30":{"type":"branch","line":148,"loc":{"start":{"line":148,"column":-2},"end":{"line":149,"column":23}},"locations":[{"start":{"line":148,"column":-2},"end":{"line":149,"column":23}}]},"31":{"type":"branch","line":149,"loc":{"start":{"line":149,"column":23},"end":{"line":151,"column":9}},"locations":[{"start":{"line":149,"column":23},"end":{"line":151,"column":9}}]},"32":{"type":"branch","line":152,"loc":{"start":{"line":152,"column":-2},"end":{"line":153,"column":24}},"locations":[{"start":{"line":152,"column":-2},"end":{"line":153,"column":24}}]},"33":{"type":"branch","line":153,"loc":{"start":{"line":153,"column":24},"end":{"line":176,"column":5}},"locations":[{"start":{"line":153,"column":24},"end":{"line":176,"column":5}}]},"34":{"type":"branch","line":22,"loc":{"start":{"line":22,"column":4},"end":{"line":24,"column":9}},"locations":[{"start":{"line":22,"column":4},"end":{"line":24,"column":9}}]}},"b":{"0":[9],"1":[1],"2":[8],"3":[1],"4":[7],"5":[1],"6":[6],"7":[1],"8":[5],"9":[1],"10":[4],"11":[1],"12":[3],"13":[1],"14":[2],"15":[1],"16":[2],"17":[1],"18":[9],"19":[1],"20":[8],"21":[1],"22":[7],"23":[1],"24":[6],"25":[1],"26":[5],"27":[1],"28":[4],"29":[1],"30":[3],"31":[1],"32":[2],"33":[1],"34":[1]},"fnMap":{"0":{"name":"executeCreate","decl":{"start":{"line":26,"column":4},"end":{"line":94,"column":5}},"loc":{"start":{"line":26,"column":4},"end":{"line":94,"column":5}},"line":26},"1":{"name":"executeLogin","decl":{"start":{"line":96,"column":4},"end":{"line":104,"column":5}},"loc":{"start":{"line":96,"column":4},"end":{"line":104,"column":5}},"line":96},"2":{"name":"executeUpdate","decl":{"start":{"line":106,"column":4},"end":{"line":176,"column":5}},"loc":{"start":{"line":106,"column":4},"end":{"line":176,"column":5}},"line":106},"3":{"name":"SubmitUserService","decl":{"start":{"line":22,"column":4},"end":{"line":24,"column":9}},"loc":{"start":{"line":22,"column":4},"end":{"line":24,"column":9}},"line":22}},"f":{"0":9,"1":2,"2":9,"3":1}}
}
