{"C:\\Users\\MICRO\\Downloads\\1Programation\\1Projects\\MyRocketBack\\src\\services\\post\\submit-post-service.ts": {"path":"C:\\Users\\MICRO\\Downloads\\1Programation\\1Projects\\MyRocketBack\\src\\services\\post\\submit-post-service.ts","all":false,"statementMap":{"0":{"start":{"line":1,"column":0},"end":{"line":1,"column":48}},"1":{"start":{"line":2,"column":0},"end":{"line":2,"column":36}},"2":{"start":{"line":3,"column":0},"end":{"line":3,"column":19}},"3":{"start":{"line":4,"column":0},"end":{"line":4,"column":20}},"4":{"start":{"line":5,"column":0},"end":{"line":5,"column":20}},"5":{"start":{"line":6,"column":0},"end":{"line":6,"column":17}},"6":{"start":{"line":7,"column":0},"end":{"line":7,"column":16}},"7":{"start":{"line":8,"column":0},"end":{"line":8,"column":18}},"8":{"start":{"line":9,"column":0},"end":{"line":9,"column":17}},"9":{"start":{"line":10,"column":0},"end":{"line":10,"column":1}},"10":{"start":{"line":11,"column":0},"end":{"line":11,"column":0}},"11":{"start":{"line":12,"column":0},"end":{"line":12,"column":32}},"12":{"start":{"line":13,"column":0},"end":{"line":13,"column":16}},"13":{"start":{"line":14,"column":0},"end":{"line":14,"column":37}},"14":{"start":{"line":15,"column":0},"end":{"line":15,"column":9}},"15":{"start":{"line":16,"column":0},"end":{"line":16,"column":0}},"16":{"start":{"line":17,"column":0},"end":{"line":17,"column":60}},"17":{"start":{"line":18,"column":0},"end":{"line":18,"column":15}},"18":{"start":{"line":19,"column":0},"end":{"line":19,"column":19}},"19":{"start":{"line":20,"column":0},"end":{"line":20,"column":20}},"20":{"start":{"line":21,"column":0},"end":{"line":21,"column":18}},"21":{"start":{"line":22,"column":0},"end":{"line":22,"column":18}},"22":{"start":{"line":23,"column":0},"end":{"line":23,"column":17}},"23":{"start":{"line":24,"column":0},"end":{"line":24,"column":21}},"24":{"start":{"line":25,"column":0},"end":{"line":25,"column":21}},"25":{"start":{"line":26,"column":0},"end":{"line":26,"column":19}},"26":{"start":{"line":27,"column":0},"end":{"line":27,"column":0}},"27":{"start":{"line":28,"column":0},"end":{"line":28,"column":22}},"28":{"start":{"line":29,"column":0},"end":{"line":29,"column":55}},"29":{"start":{"line":30,"column":0},"end":{"line":30,"column":9}},"30":{"start":{"line":31,"column":0},"end":{"line":31,"column":0}},"31":{"start":{"line":32,"column":0},"end":{"line":32,"column":23}},"32":{"start":{"line":33,"column":0},"end":{"line":33,"column":51}},"33":{"start":{"line":34,"column":0},"end":{"line":34,"column":9}},"34":{"start":{"line":35,"column":0},"end":{"line":35,"column":0}},"35":{"start":{"line":36,"column":0},"end":{"line":36,"column":21}},"36":{"start":{"line":37,"column":0},"end":{"line":37,"column":49}},"37":{"start":{"line":38,"column":0},"end":{"line":38,"column":9}},"38":{"start":{"line":39,"column":0},"end":{"line":39,"column":0}},"39":{"start":{"line":40,"column":0},"end":{"line":40,"column":20}},"40":{"start":{"line":41,"column":0},"end":{"line":41,"column":48}},"41":{"start":{"line":42,"column":0},"end":{"line":42,"column":9}},"42":{"start":{"line":43,"column":0},"end":{"line":43,"column":0}},"43":{"start":{"line":44,"column":0},"end":{"line":44,"column":24}},"44":{"start":{"line":45,"column":0},"end":{"line":45,"column":53}},"45":{"start":{"line":46,"column":0},"end":{"line":46,"column":9}},"46":{"start":{"line":47,"column":0},"end":{"line":47,"column":0}},"47":{"start":{"line":48,"column":0},"end":{"line":48,"column":24}},"48":{"start":{"line":49,"column":0},"end":{"line":49,"column":53}},"49":{"start":{"line":50,"column":0},"end":{"line":50,"column":9}},"50":{"start":{"line":51,"column":0},"end":{"line":51,"column":0}},"51":{"start":{"line":52,"column":0},"end":{"line":52,"column":42}},"52":{"start":{"line":53,"column":0},"end":{"line":53,"column":19}},"53":{"start":{"line":54,"column":0},"end":{"line":54,"column":20}},"54":{"start":{"line":55,"column":0},"end":{"line":55,"column":18}},"55":{"start":{"line":56,"column":0},"end":{"line":56,"column":18}},"56":{"start":{"line":57,"column":0},"end":{"line":57,"column":17}},"57":{"start":{"line":58,"column":0},"end":{"line":58,"column":21}},"58":{"start":{"line":59,"column":0},"end":{"line":59,"column":21}},"59":{"start":{"line":60,"column":0},"end":{"line":60,"column":10}},"60":{"start":{"line":61,"column":0},"end":{"line":61,"column":5}},"61":{"start":{"line":62,"column":0},"end":{"line":62,"column":0}},"62":{"start":{"line":63,"column":0},"end":{"line":63,"column":42}},"63":{"start":{"line":64,"column":0},"end":{"line":64,"column":18}},"64":{"start":{"line":65,"column":0},"end":{"line":65,"column":48}},"65":{"start":{"line":66,"column":0},"end":{"line":66,"column":9}},"66":{"start":{"line":67,"column":0},"end":{"line":67,"column":0}},"67":{"start":{"line":68,"column":0},"end":{"line":68,"column":64}},"68":{"start":{"line":69,"column":0},"end":{"line":69,"column":0}},"69":{"start":{"line":70,"column":0},"end":{"line":70,"column":20}},"70":{"start":{"line":71,"column":0},"end":{"line":71,"column":5}},"71":{"start":{"line":72,"column":0},"end":{"line":72,"column":1}}},"s":{"0":1,"1":1,"2":1,"3":1,"4":1,"5":1,"6":1,"7":1,"8":1,"9":1,"10":1,"11":1,"12":1,"13":1,"14":1,"15":1,"16":1,"17":7,"18":7,"19":7,"20":7,"21":7,"22":7,"23":7,"24":7,"25":7,"26":7,"27":7,"28":1,"29":1,"30":6,"31":7,"32":1,"33":1,"34":5,"35":7,"36":1,"37":1,"38":4,"39":7,"40":1,"41":1,"42":3,"43":7,"44":1,"45":1,"46":2,"47":7,"48":1,"49":1,"50":1,"51":1,"52":1,"53":1,"54":1,"55":1,"56":1,"57":1,"58":1,"59":1,"60":1,"61":1,"62":1,"63":2,"64":1,"65":1,"66":1,"67":1,"68":1,"69":1,"70":1,"71":1},"branchMap":{"0":{"type":"branch","line":17,"loc":{"start":{"line":17,"column":4},"end":{"line":61,"column":5}},"locations":[{"start":{"line":17,"column":4},"end":{"line":61,"column":5}}]},"1":{"type":"branch","line":28,"loc":{"start":{"line":28,"column":21},"end":{"line":30,"column":9}},"locations":[{"start":{"line":28,"column":21},"end":{"line":30,"column":9}}]},"2":{"type":"branch","line":31,"loc":{"start":{"line":31,"column":-2},"end":{"line":32,"column":22}},"locations":[{"start":{"line":31,"column":-2},"end":{"line":32,"column":22}}]},"3":{"type":"branch","line":32,"loc":{"start":{"line":32,"column":22},"end":{"line":34,"column":9}},"locations":[{"start":{"line":32,"column":22},"end":{"line":34,"column":9}}]},"4":{"type":"branch","line":35,"loc":{"start":{"line":35,"column":-2},"end":{"line":36,"column":20}},"locations":[{"start":{"line":35,"column":-2},"end":{"line":36,"column":20}}]},"5":{"type":"branch","line":36,"loc":{"start":{"line":36,"column":20},"end":{"line":38,"column":9}},"locations":[{"start":{"line":36,"column":20},"end":{"line":38,"column":9}}]},"6":{"type":"branch","line":39,"loc":{"start":{"line":39,"column":-2},"end":{"line":40,"column":19}},"locations":[{"start":{"line":39,"column":-2},"end":{"line":40,"column":19}}]},"7":{"type":"branch","line":40,"loc":{"start":{"line":40,"column":19},"end":{"line":42,"column":9}},"locations":[{"start":{"line":40,"column":19},"end":{"line":42,"column":9}}]},"8":{"type":"branch","line":43,"loc":{"start":{"line":43,"column":-2},"end":{"line":44,"column":23}},"locations":[{"start":{"line":43,"column":-2},"end":{"line":44,"column":23}}]},"9":{"type":"branch","line":44,"loc":{"start":{"line":44,"column":23},"end":{"line":46,"column":9}},"locations":[{"start":{"line":44,"column":23},"end":{"line":46,"column":9}}]},"10":{"type":"branch","line":47,"loc":{"start":{"line":47,"column":-2},"end":{"line":48,"column":23}},"locations":[{"start":{"line":47,"column":-2},"end":{"line":48,"column":23}}]},"11":{"type":"branch","line":48,"loc":{"start":{"line":48,"column":23},"end":{"line":61,"column":5}},"locations":[{"start":{"line":48,"column":23},"end":{"line":61,"column":5}}]},"12":{"type":"branch","line":63,"loc":{"start":{"line":63,"column":4},"end":{"line":71,"column":5}},"locations":[{"start":{"line":63,"column":4},"end":{"line":71,"column":5}}]},"13":{"type":"branch","line":64,"loc":{"start":{"line":64,"column":17},"end":{"line":71,"column":5}},"locations":[{"start":{"line":64,"column":17},"end":{"line":71,"column":5}}]},"14":{"type":"branch","line":13,"loc":{"start":{"line":13,"column":4},"end":{"line":15,"column":9}},"locations":[{"start":{"line":13,"column":4},"end":{"line":15,"column":9}}]}},"b":{"0":[7],"1":[1],"2":[6],"3":[1],"4":[5],"5":[1],"6":[4],"7":[1],"8":[3],"9":[1],"10":[2],"11":[1],"12":[2],"13":[1],"14":[1]},"fnMap":{"0":{"name":"executeCreate","decl":{"start":{"line":17,"column":4},"end":{"line":61,"column":5}},"loc":{"start":{"line":17,"column":4},"end":{"line":61,"column":5}},"line":17},"1":{"name":"executeGetByComum","decl":{"start":{"line":63,"column":4},"end":{"line":71,"column":5}},"loc":{"start":{"line":63,"column":4},"end":{"line":71,"column":5}},"line":63},"2":{"name":"SubmitPostService","decl":{"start":{"line":13,"column":4},"end":{"line":15,"column":9}},"loc":{"start":{"line":13,"column":4},"end":{"line":15,"column":9}},"line":13}},"f":{"0":7,"1":2,"2":1}}
,"C:\\Users\\MICRO\\Downloads\\1Programation\\1Projects\\MyRocketBack\\src\\services\\user\\submit-user-service.ts": {"path":"C:\\Users\\MICRO\\Downloads\\1Programation\\1Projects\\MyRocketBack\\src\\services\\user\\submit-user-service.ts","all":false,"statementMap":{"0":{"start":{"line":1,"column":0},"end":{"line":1,"column":48}},"1":{"start":{"line":2,"column":0},"end":{"line":2,"column":36}},"2":{"start":{"line":3,"column":0},"end":{"line":3,"column":16}},"3":{"start":{"line":4,"column":0},"end":{"line":4,"column":20}},"4":{"start":{"line":5,"column":0},"end":{"line":5,"column":17}},"5":{"start":{"line":6,"column":0},"end":{"line":6,"column":21}},"6":{"start":{"line":7,"column":0},"end":{"line":7,"column":16}},"7":{"start":{"line":8,"column":0},"end":{"line":8,"column":20}},"8":{"start":{"line":9,"column":0},"end":{"line":9,"column":21}},"9":{"start":{"line":10,"column":0},"end":{"line":10,"column":23}},"10":{"start":{"line":11,"column":0},"end":{"line":11,"column":23}},"11":{"start":{"line":12,"column":0},"end":{"line":12,"column":21}},"12":{"start":{"line":13,"column":0},"end":{"line":13,"column":18}},"13":{"start":{"line":14,"column":0},"end":{"line":14,"column":20}},"14":{"start":{"line":15,"column":0},"end":{"line":15,"column":22}},"15":{"start":{"line":16,"column":0},"end":{"line":16,"column":18}},"16":{"start":{"line":17,"column":0},"end":{"line":17,"column":15}},"17":{"start":{"line":18,"column":0},"end":{"line":18,"column":1}},"18":{"start":{"line":19,"column":0},"end":{"line":19,"column":0}},"19":{"start":{"line":20,"column":0},"end":{"line":20,"column":32}},"20":{"start":{"line":21,"column":0},"end":{"line":21,"column":16}},"21":{"start":{"line":22,"column":0},"end":{"line":22,"column":38}},"22":{"start":{"line":23,"column":0},"end":{"line":23,"column":9}},"23":{"start":{"line":24,"column":0},"end":{"line":24,"column":0}},"24":{"start":{"line":25,"column":0},"end":{"line":25,"column":60}},"25":{"start":{"line":26,"column":0},"end":{"line":26,"column":15}},"26":{"start":{"line":27,"column":0},"end":{"line":27,"column":17}},"27":{"start":{"line":28,"column":0},"end":{"line":28,"column":19}},"28":{"start":{"line":29,"column":0},"end":{"line":29,"column":21}},"29":{"start":{"line":30,"column":0},"end":{"line":30,"column":24}},"30":{"start":{"line":31,"column":0},"end":{"line":31,"column":18}},"31":{"start":{"line":32,"column":0},"end":{"line":32,"column":16}},"32":{"start":{"line":33,"column":0},"end":{"line":33,"column":19}},"33":{"start":{"line":34,"column":0},"end":{"line":34,"column":17}},"34":{"start":{"line":35,"column":0},"end":{"line":35,"column":21}},"35":{"start":{"line":36,"column":0},"end":{"line":36,"column":22}},"36":{"start":{"line":37,"column":0},"end":{"line":37,"column":23}},"37":{"start":{"line":38,"column":0},"end":{"line":38,"column":21}},"38":{"start":{"line":39,"column":0},"end":{"line":39,"column":22}},"39":{"start":{"line":40,"column":0},"end":{"line":40,"column":21}},"40":{"start":{"line":41,"column":0},"end":{"line":41,"column":19}},"41":{"start":{"line":42,"column":0},"end":{"line":42,"column":19}},"42":{"start":{"line":43,"column":0},"end":{"line":43,"column":0}},"43":{"start":{"line":44,"column":0},"end":{"line":44,"column":20}},"44":{"start":{"line":45,"column":0},"end":{"line":45,"column":48}},"45":{"start":{"line":46,"column":0},"end":{"line":46,"column":9}},"46":{"start":{"line":47,"column":0},"end":{"line":47,"column":0}},"47":{"start":{"line":48,"column":0},"end":{"line":48,"column":20}},"48":{"start":{"line":49,"column":0},"end":{"line":49,"column":48}},"49":{"start":{"line":50,"column":0},"end":{"line":50,"column":9}},"50":{"start":{"line":51,"column":0},"end":{"line":51,"column":0}},"51":{"start":{"line":52,"column":0},"end":{"line":52,"column":24}},"52":{"start":{"line":53,"column":0},"end":{"line":53,"column":50}},"53":{"start":{"line":54,"column":0},"end":{"line":54,"column":9}},"54":{"start":{"line":55,"column":0},"end":{"line":55,"column":0}},"55":{"start":{"line":56,"column":0},"end":{"line":56,"column":27}},"56":{"start":{"line":57,"column":0},"end":{"line":57,"column":55}},"57":{"start":{"line":58,"column":0},"end":{"line":58,"column":9}},"58":{"start":{"line":59,"column":0},"end":{"line":59,"column":0}},"59":{"start":{"line":60,"column":0},"end":{"line":60,"column":21}},"60":{"start":{"line":61,"column":0},"end":{"line":61,"column":49}},"61":{"start":{"line":62,"column":0},"end":{"line":62,"column":9}},"62":{"start":{"line":63,"column":0},"end":{"line":63,"column":0}},"63":{"start":{"line":64,"column":0},"end":{"line":64,"column":22}},"64":{"start":{"line":65,"column":0},"end":{"line":65,"column":50}},"65":{"start":{"line":66,"column":0},"end":{"line":66,"column":9}},"66":{"start":{"line":67,"column":0},"end":{"line":67,"column":0}},"67":{"start":{"line":68,"column":0},"end":{"line":68,"column":24}},"68":{"start":{"line":69,"column":0},"end":{"line":69,"column":52}},"69":{"start":{"line":70,"column":0},"end":{"line":70,"column":9}},"70":{"start":{"line":71,"column":0},"end":{"line":71,"column":0}},"71":{"start":{"line":72,"column":0},"end":{"line":72,"column":25}},"72":{"start":{"line":73,"column":0},"end":{"line":73,"column":53}},"73":{"start":{"line":74,"column":0},"end":{"line":74,"column":9}},"74":{"start":{"line":75,"column":0},"end":{"line":75,"column":0}},"75":{"start":{"line":76,"column":0},"end":{"line":76,"column":43}},"76":{"start":{"line":77,"column":0},"end":{"line":77,"column":17}},"77":{"start":{"line":78,"column":0},"end":{"line":78,"column":19}},"78":{"start":{"line":79,"column":0},"end":{"line":79,"column":21}},"79":{"start":{"line":80,"column":0},"end":{"line":80,"column":24}},"80":{"start":{"line":81,"column":0},"end":{"line":81,"column":18}},"81":{"start":{"line":82,"column":0},"end":{"line":82,"column":16}},"82":{"start":{"line":83,"column":0},"end":{"line":83,"column":19}},"83":{"start":{"line":84,"column":0},"end":{"line":84,"column":17}},"84":{"start":{"line":85,"column":0},"end":{"line":85,"column":21}},"85":{"start":{"line":86,"column":0},"end":{"line":86,"column":22}},"86":{"start":{"line":87,"column":0},"end":{"line":87,"column":23}},"87":{"start":{"line":88,"column":0},"end":{"line":88,"column":21}},"88":{"start":{"line":89,"column":0},"end":{"line":89,"column":22}},"89":{"start":{"line":90,"column":0},"end":{"line":90,"column":21}},"90":{"start":{"line":91,"column":0},"end":{"line":91,"column":19}},"91":{"start":{"line":92,"column":0},"end":{"line":92,"column":10}},"92":{"start":{"line":93,"column":0},"end":{"line":93,"column":5}},"93":{"start":{"line":94,"column":0},"end":{"line":94,"column":0}},"94":{"start":{"line":95,"column":0},"end":{"line":95,"column":36}},"95":{"start":{"line":96,"column":0},"end":{"line":96,"column":18}},"96":{"start":{"line":97,"column":0},"end":{"line":97,"column":49}},"97":{"start":{"line":98,"column":0},"end":{"line":98,"column":9}},"98":{"start":{"line":99,"column":0},"end":{"line":99,"column":0}},"99":{"start":{"line":100,"column":0},"end":{"line":100,"column":57}},"100":{"start":{"line":101,"column":0},"end":{"line":101,"column":0}},"101":{"start":{"line":102,"column":0},"end":{"line":102,"column":19}},"102":{"start":{"line":103,"column":0},"end":{"line":103,"column":5}},"103":{"start":{"line":104,"column":0},"end":{"line":104,"column":0}},"104":{"start":{"line":105,"column":0},"end":{"line":105,"column":72}},"105":{"start":{"line":106,"column":0},"end":{"line":106,"column":15}},"106":{"start":{"line":107,"column":0},"end":{"line":107,"column":17}},"107":{"start":{"line":108,"column":0},"end":{"line":108,"column":19}},"108":{"start":{"line":109,"column":0},"end":{"line":109,"column":21}},"109":{"start":{"line":110,"column":0},"end":{"line":110,"column":24}},"110":{"start":{"line":111,"column":0},"end":{"line":111,"column":18}},"111":{"start":{"line":112,"column":0},"end":{"line":112,"column":16}},"112":{"start":{"line":113,"column":0},"end":{"line":113,"column":19}},"113":{"start":{"line":114,"column":0},"end":{"line":114,"column":17}},"114":{"start":{"line":115,"column":0},"end":{"line":115,"column":21}},"115":{"start":{"line":116,"column":0},"end":{"line":116,"column":22}},"116":{"start":{"line":117,"column":0},"end":{"line":117,"column":23}},"117":{"start":{"line":118,"column":0},"end":{"line":118,"column":21}},"118":{"start":{"line":119,"column":0},"end":{"line":119,"column":22}},"119":{"start":{"line":120,"column":0},"end":{"line":120,"column":21}},"120":{"start":{"line":121,"column":0},"end":{"line":121,"column":19}},"121":{"start":{"line":122,"column":0},"end":{"line":122,"column":19}},"122":{"start":{"line":123,"column":0},"end":{"line":123,"column":0}},"123":{"start":{"line":124,"column":0},"end":{"line":124,"column":20}},"124":{"start":{"line":125,"column":0},"end":{"line":125,"column":48}},"125":{"start":{"line":126,"column":0},"end":{"line":126,"column":9}},"126":{"start":{"line":127,"column":0},"end":{"line":127,"column":0}},"127":{"start":{"line":128,"column":0},"end":{"line":128,"column":20}},"128":{"start":{"line":129,"column":0},"end":{"line":129,"column":48}},"129":{"start":{"line":130,"column":0},"end":{"line":130,"column":9}},"130":{"start":{"line":131,"column":0},"end":{"line":131,"column":0}},"131":{"start":{"line":132,"column":0},"end":{"line":132,"column":24}},"132":{"start":{"line":133,"column":0},"end":{"line":133,"column":50}},"133":{"start":{"line":134,"column":0},"end":{"line":134,"column":9}},"134":{"start":{"line":135,"column":0},"end":{"line":135,"column":0}},"135":{"start":{"line":136,"column":0},"end":{"line":136,"column":27}},"136":{"start":{"line":137,"column":0},"end":{"line":137,"column":55}},"137":{"start":{"line":138,"column":0},"end":{"line":138,"column":9}},"138":{"start":{"line":139,"column":0},"end":{"line":139,"column":0}},"139":{"start":{"line":140,"column":0},"end":{"line":140,"column":21}},"140":{"start":{"line":141,"column":0},"end":{"line":141,"column":49}},"141":{"start":{"line":142,"column":0},"end":{"line":142,"column":9}},"142":{"start":{"line":143,"column":0},"end":{"line":143,"column":0}},"143":{"start":{"line":144,"column":0},"end":{"line":144,"column":22}},"144":{"start":{"line":145,"column":0},"end":{"line":145,"column":50}},"145":{"start":{"line":146,"column":0},"end":{"line":146,"column":9}},"146":{"start":{"line":147,"column":0},"end":{"line":147,"column":0}},"147":{"start":{"line":148,"column":0},"end":{"line":148,"column":24}},"148":{"start":{"line":149,"column":0},"end":{"line":149,"column":52}},"149":{"start":{"line":150,"column":0},"end":{"line":150,"column":9}},"150":{"start":{"line":151,"column":0},"end":{"line":151,"column":0}},"151":{"start":{"line":152,"column":0},"end":{"line":152,"column":25}},"152":{"start":{"line":153,"column":0},"end":{"line":153,"column":53}},"153":{"start":{"line":154,"column":0},"end":{"line":154,"column":9}},"154":{"start":{"line":155,"column":0},"end":{"line":155,"column":0}},"155":{"start":{"line":156,"column":0},"end":{"line":156,"column":42}},"156":{"start":{"line":157,"column":0},"end":{"line":157,"column":15}},"157":{"start":{"line":158,"column":0},"end":{"line":158,"column":13}},"158":{"start":{"line":159,"column":0},"end":{"line":159,"column":21}},"159":{"start":{"line":160,"column":0},"end":{"line":160,"column":23}},"160":{"start":{"line":161,"column":0},"end":{"line":161,"column":25}},"161":{"start":{"line":162,"column":0},"end":{"line":162,"column":28}},"162":{"start":{"line":163,"column":0},"end":{"line":163,"column":22}},"163":{"start":{"line":164,"column":0},"end":{"line":164,"column":20}},"164":{"start":{"line":165,"column":0},"end":{"line":165,"column":23}},"165":{"start":{"line":166,"column":0},"end":{"line":166,"column":21}},"166":{"start":{"line":167,"column":0},"end":{"line":167,"column":25}},"167":{"start":{"line":168,"column":0},"end":{"line":168,"column":26}},"168":{"start":{"line":169,"column":0},"end":{"line":169,"column":27}},"169":{"start":{"line":170,"column":0},"end":{"line":170,"column":25}},"170":{"start":{"line":171,"column":0},"end":{"line":171,"column":26}},"171":{"start":{"line":172,"column":0},"end":{"line":172,"column":25}},"172":{"start":{"line":173,"column":0},"end":{"line":173,"column":23}},"173":{"start":{"line":174,"column":0},"end":{"line":174,"column":14}},"174":{"start":{"line":175,"column":0},"end":{"line":175,"column":5}},"175":{"start":{"line":176,"column":0},"end":{"line":176,"column":0}},"176":{"start":{"line":177,"column":0},"end":{"line":177,"column":47}},"177":{"start":{"line":178,"column":0},"end":{"line":178,"column":21}},"178":{"start":{"line":179,"column":0},"end":{"line":179,"column":53}},"179":{"start":{"line":180,"column":0},"end":{"line":180,"column":9}},"180":{"start":{"line":181,"column":0},"end":{"line":181,"column":0}},"181":{"start":{"line":182,"column":0},"end":{"line":182,"column":69}},"182":{"start":{"line":183,"column":0},"end":{"line":183,"column":0}},"183":{"start":{"line":184,"column":0},"end":{"line":184,"column":20}},"184":{"start":{"line":185,"column":0},"end":{"line":185,"column":5}},"185":{"start":{"line":186,"column":0},"end":{"line":186,"column":0}},"186":{"start":{"line":187,"column":0},"end":{"line":187,"column":53}},"187":{"start":{"line":188,"column":0},"end":{"line":188,"column":23}},"188":{"start":{"line":189,"column":0},"end":{"line":189,"column":52}},"189":{"start":{"line":190,"column":0},"end":{"line":190,"column":9}},"190":{"start":{"line":191,"column":0},"end":{"line":191,"column":0}},"191":{"start":{"line":192,"column":0},"end":{"line":192,"column":70}},"192":{"start":{"line":193,"column":0},"end":{"line":193,"column":0}},"193":{"start":{"line":194,"column":0},"end":{"line":194,"column":19}},"194":{"start":{"line":195,"column":0},"end":{"line":195,"column":5}},"195":{"start":{"line":196,"column":0},"end":{"line":196,"column":1}}},"s":{"0":1,"1":1,"2":1,"3":1,"4":1,"5":1,"6":1,"7":1,"8":1,"9":1,"10":1,"11":1,"12":1,"13":1,"14":1,"15":1,"16":1,"17":1,"18":1,"19":1,"20":1,"21":1,"22":1,"23":1,"24":1,"25":9,"26":9,"27":9,"28":9,"29":9,"30":9,"31":9,"32":9,"33":9,"34":9,"35":9,"36":9,"37":9,"38":9,"39":9,"40":9,"41":9,"42":9,"43":9,"44":1,"45":1,"46":8,"47":9,"48":1,"49":1,"50":7,"51":9,"52":1,"53":1,"54":6,"55":9,"56":1,"57":1,"58":5,"59":9,"60":1,"61":1,"62":4,"63":9,"64":1,"65":1,"66":3,"67":9,"68":1,"69":1,"70":2,"71":9,"72":1,"73":1,"74":1,"75":1,"76":1,"77":1,"78":1,"79":1,"80":1,"81":1,"82":1,"83":1,"84":1,"85":1,"86":1,"87":1,"88":1,"89":1,"90":1,"91":1,"92":1,"93":1,"94":1,"95":2,"96":1,"97":1,"98":1,"99":1,"100":1,"101":1,"102":1,"103":1,"104":1,"105":9,"106":9,"107":9,"108":9,"109":9,"110":9,"111":9,"112":9,"113":9,"114":9,"115":9,"116":9,"117":9,"118":9,"119":9,"120":9,"121":9,"122":9,"123":9,"124":1,"125":1,"126":8,"127":9,"128":1,"129":1,"130":7,"131":9,"132":1,"133":1,"134":6,"135":9,"136":1,"137":1,"138":5,"139":9,"140":1,"141":1,"142":4,"143":9,"144":1,"145":1,"146":3,"147":9,"148":1,"149":1,"150":2,"151":9,"152":1,"153":1,"154":1,"155":1,"156":1,"157":1,"158":1,"159":1,"160":1,"161":1,"162":1,"163":1,"164":1,"165":1,"166":1,"167":1,"168":1,"169":1,"170":1,"171":1,"172":1,"173":1,"174":1,"175":1,"176":1,"177":2,"178":1,"179":1,"180":1,"181":1,"182":1,"183":1,"184":1,"185":1,"186":1,"187":2,"188":1,"189":1,"190":1,"191":1,"192":1,"193":1,"194":1,"195":1},"branchMap":{"0":{"type":"branch","line":25,"loc":{"start":{"line":25,"column":4},"end":{"line":93,"column":5}},"locations":[{"start":{"line":25,"column":4},"end":{"line":93,"column":5}}]},"1":{"type":"branch","line":44,"loc":{"start":{"line":44,"column":19},"end":{"line":46,"column":9}},"locations":[{"start":{"line":44,"column":19},"end":{"line":46,"column":9}}]},"2":{"type":"branch","line":47,"loc":{"start":{"line":47,"column":-2},"end":{"line":48,"column":19}},"locations":[{"start":{"line":47,"column":-2},"end":{"line":48,"column":19}}]},"3":{"type":"branch","line":48,"loc":{"start":{"line":48,"column":19},"end":{"line":50,"column":9}},"locations":[{"start":{"line":48,"column":19},"end":{"line":50,"column":9}}]},"4":{"type":"branch","line":51,"loc":{"start":{"line":51,"column":-2},"end":{"line":52,"column":23}},"locations":[{"start":{"line":51,"column":-2},"end":{"line":52,"column":23}}]},"5":{"type":"branch","line":52,"loc":{"start":{"line":52,"column":23},"end":{"line":54,"column":9}},"locations":[{"start":{"line":52,"column":23},"end":{"line":54,"column":9}}]},"6":{"type":"branch","line":55,"loc":{"start":{"line":55,"column":-2},"end":{"line":56,"column":26}},"locations":[{"start":{"line":55,"column":-2},"end":{"line":56,"column":26}}]},"7":{"type":"branch","line":56,"loc":{"start":{"line":56,"column":26},"end":{"line":58,"column":9}},"locations":[{"start":{"line":56,"column":26},"end":{"line":58,"column":9}}]},"8":{"type":"branch","line":59,"loc":{"start":{"line":59,"column":-2},"end":{"line":60,"column":20}},"locations":[{"start":{"line":59,"column":-2},"end":{"line":60,"column":20}}]},"9":{"type":"branch","line":60,"loc":{"start":{"line":60,"column":20},"end":{"line":62,"column":9}},"locations":[{"start":{"line":60,"column":20},"end":{"line":62,"column":9}}]},"10":{"type":"branch","line":63,"loc":{"start":{"line":63,"column":-2},"end":{"line":64,"column":21}},"locations":[{"start":{"line":63,"column":-2},"end":{"line":64,"column":21}}]},"11":{"type":"branch","line":64,"loc":{"start":{"line":64,"column":21},"end":{"line":66,"column":9}},"locations":[{"start":{"line":64,"column":21},"end":{"line":66,"column":9}}]},"12":{"type":"branch","line":67,"loc":{"start":{"line":67,"column":-2},"end":{"line":68,"column":23}},"locations":[{"start":{"line":67,"column":-2},"end":{"line":68,"column":23}}]},"13":{"type":"branch","line":68,"loc":{"start":{"line":68,"column":23},"end":{"line":70,"column":9}},"locations":[{"start":{"line":68,"column":23},"end":{"line":70,"column":9}}]},"14":{"type":"branch","line":71,"loc":{"start":{"line":71,"column":-2},"end":{"line":72,"column":24}},"locations":[{"start":{"line":71,"column":-2},"end":{"line":72,"column":24}}]},"15":{"type":"branch","line":72,"loc":{"start":{"line":72,"column":24},"end":{"line":93,"column":5}},"locations":[{"start":{"line":72,"column":24},"end":{"line":93,"column":5}}]},"16":{"type":"branch","line":95,"loc":{"start":{"line":95,"column":4},"end":{"line":103,"column":5}},"locations":[{"start":{"line":95,"column":4},"end":{"line":103,"column":5}}]},"17":{"type":"branch","line":96,"loc":{"start":{"line":96,"column":17},"end":{"line":103,"column":5}},"locations":[{"start":{"line":96,"column":17},"end":{"line":103,"column":5}}]},"18":{"type":"branch","line":105,"loc":{"start":{"line":105,"column":4},"end":{"line":175,"column":5}},"locations":[{"start":{"line":105,"column":4},"end":{"line":175,"column":5}}]},"19":{"type":"branch","line":124,"loc":{"start":{"line":124,"column":19},"end":{"line":126,"column":9}},"locations":[{"start":{"line":124,"column":19},"end":{"line":126,"column":9}}]},"20":{"type":"branch","line":127,"loc":{"start":{"line":127,"column":-2},"end":{"line":128,"column":19}},"locations":[{"start":{"line":127,"column":-2},"end":{"line":128,"column":19}}]},"21":{"type":"branch","line":128,"loc":{"start":{"line":128,"column":19},"end":{"line":130,"column":9}},"locations":[{"start":{"line":128,"column":19},"end":{"line":130,"column":9}}]},"22":{"type":"branch","line":131,"loc":{"start":{"line":131,"column":-2},"end":{"line":132,"column":23}},"locations":[{"start":{"line":131,"column":-2},"end":{"line":132,"column":23}}]},"23":{"type":"branch","line":132,"loc":{"start":{"line":132,"column":23},"end":{"line":134,"column":9}},"locations":[{"start":{"line":132,"column":23},"end":{"line":134,"column":9}}]},"24":{"type":"branch","line":135,"loc":{"start":{"line":135,"column":-2},"end":{"line":136,"column":26}},"locations":[{"start":{"line":135,"column":-2},"end":{"line":136,"column":26}}]},"25":{"type":"branch","line":136,"loc":{"start":{"line":136,"column":26},"end":{"line":138,"column":9}},"locations":[{"start":{"line":136,"column":26},"end":{"line":138,"column":9}}]},"26":{"type":"branch","line":139,"loc":{"start":{"line":139,"column":-2},"end":{"line":140,"column":20}},"locations":[{"start":{"line":139,"column":-2},"end":{"line":140,"column":20}}]},"27":{"type":"branch","line":140,"loc":{"start":{"line":140,"column":20},"end":{"line":142,"column":9}},"locations":[{"start":{"line":140,"column":20},"end":{"line":142,"column":9}}]},"28":{"type":"branch","line":143,"loc":{"start":{"line":143,"column":-2},"end":{"line":144,"column":21}},"locations":[{"start":{"line":143,"column":-2},"end":{"line":144,"column":21}}]},"29":{"type":"branch","line":144,"loc":{"start":{"line":144,"column":21},"end":{"line":146,"column":9}},"locations":[{"start":{"line":144,"column":21},"end":{"line":146,"column":9}}]},"30":{"type":"branch","line":147,"loc":{"start":{"line":147,"column":-2},"end":{"line":148,"column":23}},"locations":[{"start":{"line":147,"column":-2},"end":{"line":148,"column":23}}]},"31":{"type":"branch","line":148,"loc":{"start":{"line":148,"column":23},"end":{"line":150,"column":9}},"locations":[{"start":{"line":148,"column":23},"end":{"line":150,"column":9}}]},"32":{"type":"branch","line":151,"loc":{"start":{"line":151,"column":-2},"end":{"line":152,"column":24}},"locations":[{"start":{"line":151,"column":-2},"end":{"line":152,"column":24}}]},"33":{"type":"branch","line":152,"loc":{"start":{"line":152,"column":24},"end":{"line":175,"column":5}},"locations":[{"start":{"line":152,"column":24},"end":{"line":175,"column":5}}]},"34":{"type":"branch","line":177,"loc":{"start":{"line":177,"column":4},"end":{"line":185,"column":5}},"locations":[{"start":{"line":177,"column":4},"end":{"line":185,"column":5}}]},"35":{"type":"branch","line":178,"loc":{"start":{"line":178,"column":20},"end":{"line":185,"column":5}},"locations":[{"start":{"line":178,"column":20},"end":{"line":185,"column":5}}]},"36":{"type":"branch","line":187,"loc":{"start":{"line":187,"column":4},"end":{"line":195,"column":5}},"locations":[{"start":{"line":187,"column":4},"end":{"line":195,"column":5}}]},"37":{"type":"branch","line":188,"loc":{"start":{"line":188,"column":22},"end":{"line":195,"column":5}},"locations":[{"start":{"line":188,"column":22},"end":{"line":195,"column":5}}]},"38":{"type":"branch","line":21,"loc":{"start":{"line":21,"column":4},"end":{"line":23,"column":9}},"locations":[{"start":{"line":21,"column":4},"end":{"line":23,"column":9}}]}},"b":{"0":[9],"1":[1],"2":[8],"3":[1],"4":[7],"5":[1],"6":[6],"7":[1],"8":[5],"9":[1],"10":[4],"11":[1],"12":[3],"13":[1],"14":[2],"15":[1],"16":[2],"17":[1],"18":[9],"19":[1],"20":[8],"21":[1],"22":[7],"23":[1],"24":[6],"25":[1],"26":[5],"27":[1],"28":[4],"29":[1],"30":[3],"31":[1],"32":[2],"33":[1],"34":[2],"35":[1],"36":[2],"37":[1],"38":[1]},"fnMap":{"0":{"name":"executeCreate","decl":{"start":{"line":25,"column":4},"end":{"line":93,"column":5}},"loc":{"start":{"line":25,"column":4},"end":{"line":93,"column":5}},"line":25},"1":{"name":"executeLogin","decl":{"start":{"line":95,"column":4},"end":{"line":103,"column":5}},"loc":{"start":{"line":95,"column":4},"end":{"line":103,"column":5}},"line":95},"2":{"name":"executeUpdate","decl":{"start":{"line":105,"column":4},"end":{"line":175,"column":5}},"loc":{"start":{"line":105,"column":4},"end":{"line":175,"column":5}},"line":105},"3":{"name":"executeSearchByComum","decl":{"start":{"line":177,"column":4},"end":{"line":185,"column":5}},"loc":{"start":{"line":177,"column":4},"end":{"line":185,"column":5}},"line":177},"4":{"name":"executeSearchByNickname","decl":{"start":{"line":187,"column":4},"end":{"line":195,"column":5}},"loc":{"start":{"line":187,"column":4},"end":{"line":195,"column":5}},"line":187},"5":{"name":"SubmitUserService","decl":{"start":{"line":21,"column":4},"end":{"line":23,"column":9}},"loc":{"start":{"line":21,"column":4},"end":{"line":23,"column":9}},"line":21}},"f":{"0":9,"1":2,"2":9,"3":2,"4":2,"5":1}}
}
