TN:
SF:src\services\user\submit-user-service.ts
FN:26,executeCreate
FN:22,SubmitUserService
FNF:2
FNH:2
FNDA:9,executeCreate
FNDA:1,SubmitUserService
DA:1,1
DA:2,1
DA:3,1
DA:4,1
DA:5,1
DA:6,1
DA:7,1
DA:8,1
DA:9,1
DA:10,1
DA:11,1
DA:12,1
DA:13,1
DA:14,1
DA:15,1
DA:16,1
DA:17,1
DA:18,1
DA:19,1
DA:20,1
DA:21,1
DA:22,1
DA:23,1
DA:24,1
DA:25,1
DA:26,1
DA:27,9
DA:28,9
DA:29,9
DA:30,9
DA:31,9
DA:32,9
DA:33,9
DA:34,9
DA:35,9
DA:36,9
DA:37,9
DA:38,9
DA:39,9
DA:40,9
DA:41,9
DA:42,9
DA:43,9
DA:44,9
DA:45,9
DA:46,1
DA:47,1
DA:48,8
DA:49,9
DA:50,1
DA:51,1
DA:52,7
DA:53,9
DA:54,1
DA:55,1
DA:56,6
DA:57,9
DA:58,1
DA:59,1
DA:60,5
DA:61,9
DA:62,1
DA:63,1
DA:64,4
DA:65,9
DA:66,1
DA:67,1
DA:68,3
DA:69,9
DA:70,1
DA:71,1
DA:72,2
DA:73,9
DA:74,1
DA:75,1
DA:76,1
DA:77,1
DA:78,1
DA:79,1
DA:80,1
DA:81,1
DA:82,1
DA:83,1
DA:84,1
DA:85,1
DA:86,1
DA:87,1
DA:88,1
DA:89,1
DA:90,1
DA:91,1
DA:92,1
DA:93,1
DA:94,1
DA:95,1
LF:95
LH:95
BRDA:26,0,0,9
BRDA:45,1,0,1
BRDA:48,2,0,8
BRDA:49,3,0,1
BRDA:52,4,0,7
BRDA:53,5,0,1
BRDA:56,6,0,6
BRDA:57,7,0,1
BRDA:60,8,0,5
BRDA:61,9,0,1
BRDA:64,10,0,4
BRDA:65,11,0,1
BRDA:68,12,0,3
BRDA:69,13,0,1
BRDA:72,14,0,2
BRDA:73,15,0,1
BRDA:22,16,0,1
BRF:17
BRH:17
end_of_record
